         w __deregister_frame_info
         w __register_frame_info
         w userAppExit
         w userAppInit
00000000 00000401 B __ctru_dev_path_buf
00000000 b _TLS_MODULE_BASE_
00000000 a shift
00000000 a shift
00000404 00000802 B __ctru_dev_utf16_buf
00100000 A __start__
00100000 T _start
00100008 T __service_ptr
0010000c T __apt_appid
00100010 T __heap_size
00100014 T __linear_heap_size
00100018 T __system_arglist
0010001c T __system_runflags
00100020 t startup
00100058 t ClearMem
0010006c t ClrLoop
00100094 T _init
001000ac 00000160 T installer_menu
0010020c 00000008 T batch_installer_menu
00100214 000000e4 T draw_page
001002f8 000000a0 T delete_title
00100398 000000ac T load_titles
00100444 00000410 T uninstaller_menu
00100858 00000054 T list_diritems
001008ac 00000044 T get_item_in_dir
001008f0 0000009c T create_file_handle_read
0010098c 000003c8 T install_cia
00100d54 00000050 T get_title_location
00100da4 0000006c T init_services
00100e10 00000010 T exit_services
00100e20 00000030 T print_functions
00100e50 00000038 T draw_arrow
00100e88 0000007c T return_to_navigator
00100f04 0000001c T formatted_print
00100f20 00000050 T pause_3ds
00100f70 00000010 T move_cursor
00100f80 00000034 T format
00100fb4 00000030 T print_error
00100fe4 000000c4 T print_usage
001010a8 00000030 T clean_screen
001010d8 0000001c T remove_pause
001010f4 00000018 T redraw_selected
0010110c t .udivsi3_skip_div0_test
0010110c T __aeabi_uidiv
0010110c 000001ec T __udivsi3
001012f8 00000020 T __aeabi_uidivmod
00101318 T __aeabi_idiv
00101318 00000220 T __divsi3
00101320 t .divsi3_skip_div0_test
00101538 00000020 T __aeabi_idivmod
00101558 00000004 W __aeabi_idiv0
00101558 00000004 W __aeabi_ldiv0
0010155c T __aeabi_drsub
00101564 000002b0 T __aeabi_dsub
00101564 000002b0 T __subdf3
00101568 000002ac T __adddf3
00101568 000002ac T __aeabi_dadd
00101814 00000024 T __aeabi_ui2d
00101814 00000024 T __floatunsidf
00101838 00000028 T __aeabi_i2d
00101838 00000028 T __floatsidf
00101860 00000048 T __aeabi_f2d
00101860 00000048 T __extendsfdf2
001018a8 00000074 T __aeabi_ul2d
001018a8 00000074 T __floatundidf
001018bc 00000060 T __aeabi_l2d
001018bc 00000060 T __floatdidf
0010191c 0000019c T __aeabi_frsub
00101924 00000194 T __aeabi_fsub
00101924 00000194 T __subsf3
00101928 00000190 T __addsf3
00101928 00000190 T __aeabi_fadd
00101ab8 00000028 T __aeabi_ui2f
00101ab8 00000028 T __floatunsisf
00101ac0 00000020 T __aeabi_i2f
00101ac0 00000020 T __floatsisf
00101ae0 0000008c T __aeabi_ul2f
00101ae0 0000008c T __floatundisf
00101af0 0000007c T __aeabi_l2f
00101af0 0000007c T __floatdisf
00101b6c T __aeabi_ldivmod
00101c40 T __aeabi_uldivmod
00101c88 00000390 T strcmp
00102010 t __do_global_dtors_aux
00102050 t frame_dummy
0010207c 00000104 T main
00102180 00000178 T consoleDrawChar
001022f8 00000124 T consolePrintChar
0010241c 00000a00 T con_write
00102e1c 00000168 T consoleInit
00102f84 000000f4 t newRow
00103078 0000000c T consoleClear
00103084 000000d0 t gfxPresentFramebuffer
00103154 0000001c T gfxIsWide
00103170 000000ec T gfxSetScreenFormat
0010325c 00000010 T gfxSetDoubleBuffering
0010326c 00000108 T gfxInit
00103374 00000010 T gfxInitDefault
00103384 000000b4 T gfxExit
00103438 000000a0 T gfxGetFramebuffer
001034d8 0000010c T gfxFlushBuffers
001035e4 00000050 T gfxSwapBuffers
00103634 00000050 T gfxSwapBuffersGpu
00103684 00000c58 t gspHardwareInit
001042dc 00000254 T gspInit
00104530 000000f0 T gspExit
00104620 00000010 T gspHasGpuRight
00104630 00000098 T gspPresentBuffer
001046c8 00000050 T gspWaitForEvent
00104718 00000004 W gxCmdQueueInterrupt
0010471c 00000160 t gspEventThreadMain
0010487c 00000050 T GSPGPU_FlushDataCache
001048cc 00000034 T GSPGPU_SetLcdForceBlack
00104900 00000068 T GSPGPU_AcquireRight
00104968 00000048 T GSPGPU_ReleaseRight
001049b0 0000007c T GSPGPU_ImportDisplayCaptureInfo
00104a2c 0000002c T GSPGPU_SaveVramSysArea
00104a58 0000002c T GSPGPU_RestoreVramSysArea
00104a84 000000a4 T amInit
00104b28 0000003c T amExit
00104b64 00000048 T AM_GetTitleCount
00104bac 0000005c T AM_GetTitleList
00104c08 0000005c T AM_GetTitleInfo
00104c64 00000048 T AM_StartCiaInstall
00104cac 00000040 T AM_CancelCIAInstall
00104cec 00000040 T AM_FinishCiaInstall
00104d2c 0000003c T AM_DeleteTitle
00104d68 00000038 T AM_DeleteTicket
00104da0 0000005c T AM_GetTitleProductCode
00104dfc 00000084 T AM_GetCiaFileInfo
00104e80 000001b0 t aptConvertScreenForCapture
00105030 00000008 W aptDspSleep
00105038 00000004 W aptDspWakeup
0010503c 00000004 W aptDspCancel
00105040 0000015c T aptSendCommand
0010519c 00000038 t aptExitProcess
001051d4 000002f0 T aptExit
001054c4 000000d8 T aptHandleSleep
0010559c 00000084 T APT_SleepIfShellClosed
00105620 00000084 T aptSetSleepAllowed
001056a4 00000084 T APT_UnlockTransition
00105728 00000484 t aptEventHandler
00105bac 000000b0 T APT_ReceiveParameter
00105c5c 000000b0 t aptReceiveParameter.constprop.0
00105d10 000002bc t aptScreenTransfer
00105fcc 000002d0 t aptWaitForWakeUp.isra.0
0010629c 000000f8 T aptJumpToHomeMenu
00106394 0000004c T aptMainLoop
001063e0 00000234 T aptInit
00106614 0000007c T APT_CheckNew3DS
00106690 00000024 W hidShouldUseIrrst
001066b4 0000018c T hidInit
00106840 000000e8 T hidExit
00106928 00000294 T hidScanInput
00106bbc 00000010 T hidKeysDown
00106bcc 000000c8 T fsInit
00106c94 0000003c T fsExit
00106cd0 00000060 T fsExemptFromSession
00106d30 00000050 T fsUnexemptFromSession
00106d80 00000084 T fsMakePath
00106e04 000000cc T FSUSER_OpenFile
00106ed0 000000d4 T FSUSER_OpenFileDirectly
00106fa4 000000bc T FSUSER_DeleteFile
00107060 000000f8 T FSUSER_RenameFile
00107158 000000bc T FSUSER_DeleteDirectory
00107214 000000d4 T FSUSER_CreateFile
001072e8 000000c4 T FSUSER_CreateDirectory
001073ac 000000f8 T FSUSER_RenameDirectory
001074a4 000000b4 T FSUSER_OpenDirectory
00107558 00000094 T FSUSER_OpenArchive
001075ec 0000008c T FSUSER_CloseArchive
00107678 00000074 T FSUSER_GetSdmcArchiveResource
001076ec 00000064 T FSUSER_IsSdmcWritable
00107750 00000058 T FSFILE_Read
001077a8 00000060 T FSFILE_Write
00107808 00000038 T FSFILE_GetSize
00107840 00000028 T FSFILE_SetSize
00107868 0000003c T FSFILE_Close
001078a4 00000024 T FSFILE_Flush
001078c8 00000050 T FSDIR_Read
00107918 0000003c T FSDIR_Close
00107954 000000c0 T utf8_to_utf16
00107a14 00000038 W __libctru_init
00107a4c 000000f0 W __system_initArgv
00107b3c T svcControlMemory
00107b5c T svcQueryMemory
00107b8c T svcExitProcess
00107b94 T svcCreateThread
00107bb4 T svcExitThread
00107bbc T svcSleepThread
00107bc4 T svcReleaseMutex
00107bcc T svcCreateEvent
00107be0 T svcSignalEvent
00107be8 T svcClearEvent
00107bf0 T svcMapMemoryBlock
00107bf8 T svcUnmapMemoryBlock
00107c00 T svcCreateAddressArbiter
00107c14 T svcArbitrateAddressNoTimeout
00107c1c T svcCloseHandle
00107c24 T svcWaitSynchronization
00107c2c T svcWaitSynchronizationN
00107c54 T svcDuplicateHandle
00107c68 T svcGetSystemTick
00107c70 T svcConnectToPort
00107c84 T svcSendSyncRequest
00107c8c T svcGetResourceLimit
00107ca0 T svcGetResourceLimitLimitValues
00107ca8 T svcGetResourceLimitCurrentValues
00107cb0 T svcBreak
00107cb8 W initSystem
00107d08 W __ctru_exit
00107d20 00000024 t addrMapNodeComparator(rbtree_node const*, rbtree_node const*)
00107d44 00000004 t addrMapNodeDestructor(rbtree_node*)
00107d48 00000114 T vramMemAlign
00107e5c 00000008 T vramAlloc
00107e64 0000005c T vramFree
00107ec0 00000024 t addrMapNodeComparator(rbtree_node const*, rbtree_node const*)
00107ee4 00000004 t addrMapNodeDestructor(rbtree_node*)
00107ee8 00000120 T linearMemAlign
00108008 00000008 T linearAlloc
00108010 0000005c T linearFree
0010806c 00000084 T MemPool::CoalesceRight(MemBlock*)
001080f0 00000170 T MemPool::Allocate(MemChunk&, unsigned long, int)
00108260 000000fc T MemPool::Deallocate(MemChunk const&)
0010835c 0000000c T __sync_init
00108368 00000018 T __sync_fini
00108380 0000002c T syncArbitrateAddress
001083ac 0000001c T LightLock_Init
001083c8 00000094 T LightLock_Lock
0010845c 00000044 T LightLock_TryLock
001084a0 00000040 T LightLock_Unlock
001084e0 00000024 T RecursiveLock_Init
00108504 00000030 T RecursiveLock_Lock
00108534 00000078 T RecursiveLock_TryLock
001085ac 00000054 T RecursiveLock_Unlock
00108600 00000040 T LightEvent_Init
00108640 000000a4 T LightEvent_Clear
001086e4 000000c8 T LightEvent_Signal
001087ac 00000058 T LightEvent_TryWait
00108804 000000b0 T LightEvent_Wait
001088b4 00000084 W envGetHandle
00108938 00000050 W envDestroyHandles
00108988 00000054 T osGetTimeRef
001089dc 000000e4 T osGetTime
00108ac0 00000074 T __libctru_gtod
00108b34 00000034 T __ctru_speedup_config
00108b68 00000124 T srvInit
00108c8c 00000058 T srvExit
00108ce4 00000080 T srvGetServiceHandleDirect
00108d64 00000048 T srvGetServiceHandle
00108dac 00000038 T srvPublishToSubscriber
00108de4 00000188 T threadCreate
00108f6c 0000002c T threadFree
00108f98 00000024 T threadJoin
00108fbc 00000030 T threadGetCurrent
00108fec 00000040 T threadExit
0010902c 00000044 t _thread_begin
00109070 00000094 t mappableFindAddressWithin
00109104 00000028 T mappableInit
0010912c 00000080 T mappableAlloc
001091ac 00000004 T mappableFree
001091b0 00000160 T irrstInit
00109310 000000cc T irrstExit
001093dc 000000b0 T irrstScanInput
0010948c 00000024 T irrstKeysHeld
001094b0 0000000c T srvPmGetSessionHandle
001094bc 00000074 T ptmSysmInit
00109530 0000003c T ptmSysmExit
0010956c 00000034 T PTMSYSM_ConfigureNew3DSCPU
001095a0 00000010 T rbtree_init
001095b0 000001a0 t do_insert
00109750 00000008 T rbtree_insert
00109758 00000090 T rbtree_rotate
001097e8 00000338 T rbtree_remove
00109b20 00000074 T rbtree_find
00109b94 00000060 T encode_utf16
00109bf4 0000013c T decode_utf8
00109d30 00000030 W __appInit
00109d60 00000030 t __libctru_nanosleep
00109d90 00000030 t __libctru_get_reent
00109dc0 000000f8 T __system_initSyscalls
00109eb8 000001e0 W __system_allocateHeaps
0010a098 00000030 W __appExit
0010a0c8 00000090 W __libctru_exit
0010a158 00000014 t archive_link
0010a16c 00000014 t archive_dirreset
0010a180 00000014 t archive_chmod
0010a194 00000024 t error_cmp
0010a1b8 00000050 t archive_translate_error
0010a208 000000d4 t archive_seek
0010a2dc 0000007c t _archiveInit.part.0
0010a358 0000008c t archiveFindDevice.part.0
0010a3e4 00000294 t archive_utf16path
0010a678 000000a0 t _archiveUnmountDeviceStruct.part.0
0010a718 00000014 t archive_fchmod
0010a72c 00000014 t archive_statvfs
0010a740 00000158 t _archiveMountDevice
0010a898 000000e8 t archive_diropen
0010a980 000000a4 t archive_fstat
0010aa24 0000006c t archive_close
0010aa90 0000006c t archive_fsync
0010aafc 00000070 t archive_dirclose
0010ab6c 000000e8 t sdmc_statvfs
0010ac54 00000080 t archive_ftruncate
0010acd4 000000fc t archive_chdir
0010add0 000000b0 t archive_read
0010ae80 000000ac t archive_unlink
0010af2c 000000c8 t archive_rmdir
0010aff4 000000ec t archive_mkdir
0010b0e0 000001a8 t archive_stat
0010b288 00000184 t archive_rename
0010b40c 00000168 t archive_dirnext
0010b574 0000012c t archive_write
0010b6a0 000001f0 t archive_open
0010b890 000001a4 T archiveMountSdmc
0010ba34 00000054 T archiveUnmountAll
0010ba88 00000050 T rbtree_node_next
0010bad8 000000e8 T utf16_to_utf8
0010bbc0 00000064 T decode_utf16
0010bc24 T __aeabi_read_tp
0010bc30 000000fc T encode_utf8
0010bd2c 00000120 T __udivmoddi4
0010be4c 00000078 T bsearch
0010bec4 00000028 T calloc
0010beec 000000bc T _calloc_r
0010bfa8 0000000c T __errno
0010bfb4 00000034 T exit
0010bfe8 0000003c T __libc_fini_array
0010c024 0000007c T __libc_init_array
0010c0a0 00000034 T iprintf
0010c0d4 00000028 T memalign
0010c0fc 00000150 T _memalign_r
0010c24c 00000020 T malloc
0010c26c 00000020 T free
0010c28c 000007e0 T _malloc_r
0010ca6c 000000e0 T memchr
0010cb4c 0000011c T memcpy
0010cc68 00000118 T memset
0010cd80 0000000c T __malloc_lock
0010cd8c 0000000c T __malloc_unlock
0010cd98 00000034 T printf
0010cdcc 00000260 T setvbuf
0010d02c 00000064 T sprintf
0010d090 00000074 T sscanf
0010d104 00000044 T __sread
0010d148 00000008 T __seofread
0010d150 00000068 T __swrite
0010d1b8 00000048 T __sseek
0010d200 00000008 T __sclose
0010d208 00000070 T strcat
0010d278 000000f0 T strcpy
0010d368 0000005c T strlen
0010d3c4 000000ec T strncat
0010d4b0 000000dc T strncmp
0010d58c 000000c0 T strncpy
0010d64c 00000048 T strnlen
0010d694 00000628 t get_arg
0010dcc0 000035b8 T _svfprintf_r
00111278 00000050 t get_arg
001112c8 00002bbc T __ssvfscanf_r
00113e84 00000628 t get_arg
001144ac 00000030 T __sprint_r
001144dc 0000233c T _vfiprintf_r
00116818 000000d4 t __sbprintf
001168ec 00000628 t get_arg
00116f18 00003684 T _vfprintf_r
0011a59c 000000d4 t __sbprintf
0011a670 00000054 T _wcrtomb_r
0011a6c4 00000028 T _wcsrtombs_r
0011a6ec 00000154 T __swsetup_r
0011a840 00000114 T __call_exitprocs
0011a954 000001ac t quorem
0011ab00 000012cc T _dtoa_r
0011bdcc 00000258 T __sflush_r
0011c024 00000094 T _fflush_r
0011c0b8 0000000c T _cleanup_r
0011c0c4 00000184 T __sinit
0011c248 0000000c T __sfp_lock_acquire
0011c254 0000000c T __sfp_lock_release
0011c260 000000f8 T _malloc_trim_r
0011c358 000002e4 T _free_r
0011c63c 000004c0 T __sfvwrite_r
0011cafc 00000070 T _fwalk_reent
0011cb6c 00000008 T iswspace
0011cb74 0000000c T _localeconv_r
0011cb80 00000010 T __locale_mb_cur_max
0011cb90 00000138 T __smakebuf_r
0011ccc8 0000008c T __swhatbuf_r
0011cd54 00000068 T _mbrtowc_r
0011cdbc 000002e4 T __utf8_mbtowc
0011d0a0 00000154 T memmove
0011d1f4 00000088 T _Balloc
0011d27c 0000001c T _Bfree
0011d298 000000f4 T __multadd
0011d38c 00000110 T __s2b
0011d49c 00000058 T __hi0bits
0011d4f4 00000094 T __lo0bits
0011d588 000000a4 T __i2b
0011d62c 00000204 T __multiply
0011d830 00000120 T __pow5mult
0011d950 0000013c T __lshift
0011da8c 00000058 T __mcmp
0011dae4 000001cc T __mdiff
0011dcb0 00000074 T __ulp
0011dd24 000000d0 T __b2d
0011ddf4 00000124 T __d2b
0011df18 00000078 T __ratio
0011df90 00000088 T __copybits
0011e018 0000005c T __any_on
0011e074 00000028 T realloc
0011e09c 00000558 T _realloc_r
0011e5f4 000000e4 T __sccl
0011e6d8 0000000c T nanf
0011e6e8 000000a8 T frexp
0011e790 000000b8 T stpncpy
0011e848 0000012c T strchr
0011e978 00001368 T _strtod_l
0011fce0 0000000c T _strtod_r
0011fcec 0000022c t _strtoll_l.constprop.0
0011ff18 00000004 T _strtoll_r
0011ff1c 000001a4 t _strtol_l.part.0
001200c0 0000003c T _strtol_r
001200fc 00000244 t _strtoull_l.constprop.0
00120340 00000004 T _strtoull_r
00120344 000001c4 t _strtoul_l.constprop.0
00120508 00000004 T _strtoul_r
0012050c 00000190 T __ssprint_r
0012069c 000000e0 T _sungetc_r
0012077c 0000006c T __ssrefill_r
001207e8 000000c8 T _sfread_r
001208b0 000000a8 T __submore
00120958 00000190 T _wcsnrtombs_l
00120ae8 0000004c T _wcsnrtombs_r
00120b34 000000f0 T __utf8_wctomb
00120c24 00000054 T __assert_func
00120c78 00000160 T _fclose_r
00120dd8 0000003c T fiprintf
00120e14 000000ec t rshift
00120f00 00000904 T __gethex
00121804 0000004c T __match
00121850 0000029c T __hexnan
00121aec 0000003c T iswspace_l
00121b28 000001d4 t __jp2uc
00121cfc 0000009c T _jp2uc_l
00121d98 00000010 T nan
00121da8 00000014 T abort
00121dbc 00000084 T category
00121e40 00000098 T _raise_r
00121ed8 00000020 T raise
00121ef8 00000008 t null_write
00121f00 00000018 T setDefaultDevice
00121f18 000000c8 T FindDevice
00121fe0 00000028 T RemoveDevice
00122008 0000009c T AddDevice
001220a4 00000020 T GetDeviceOpTab
001220c4 00000078 T _fstat_r
0012213c 00000014 T _getpid_r
00122150 00000008 T _isatty_r
00122158 00000014 T _kill_r
0012216c 00000084 T _lseek_r
001221f0 00000080 T _read_r
00122270 00000078 T _sbrk_r
001222e8 00000080 T _write_r
00122368 00000024 T _exit
0012238c 000001b8 T _concatenate_path
00122544 00000160 T chdir
001226a4 00000008 T __flockfile
001226ac 00000008 T __funlockfile
001226b4 00000018 T __libc_lock_acquire
001226cc 00000018 T __libc_lock_release
001226e4 00000018 T __libc_lock_init_recursive
001226fc 00000018 T __libc_lock_acquire_recursive
00122714 00000018 T __libc_lock_release_recursive
0012272c 00000018 T __libc_lock_close_recursive
00122744 0000003c T __get_handle
00122780 000000f4 T _close_r
00122874 00000068 t __dirnext
001228dc 000000f4 T opendir
001229d0 00000090 T closedir
00122a60 000000b8 T readdir
00122b18 00000028 T __getreent
00122b40 00000038 T __aeabi_d2lz
00122b40 00000038 T __fixdfdi
00122b78 00000040 T __aeabi_d2ulz
00122b78 00000040 T __fixunsdfdi
00122bb8 00000044 T strrchr
00122bfc T _fini
00123678 00000030 r colorTable
001236a8 00000070 r dotab_stdout
00123754 00000008 r morton_x.3
0012375c 00000008 r morton_y.2
00123764 00000008 r s_sleepWakeEvents.4
0012378c R default_font_bin
00123f8c R default_font_bin_end
00123fc4 00000070 r archive_devoptab
00124034 00000030 r error_table
00124064 00000004 R _global_impure_ptr
001240a4 00000010 r blanks.1
001240b4 00000010 r zeroes.0
001240cc 00000022 r basefix.0
001240f0 00000010 r blanks.1
00124100 00000010 r zeroes.0
00124110 00000010 r blanks.1
00124120 00000010 r zeroes.0
00124130 00000101 R _ctype_
00124244 r .LC2
00124320 00000028 R __mprec_bigtens
00124348 000000c8 R __mprec_tens
00124410 0000000c r p05.0
0012442c 00000014 r fpi.1
00124440 00000014 r fpinan.0
00124458 00000028 r tinytens
00124480 0000006c R __action_table
001244ec 00000100 R __chclass
001245ec 0000006c R __state_table
001246e0 00000100 R __hexdig
001247f4 000000bc r a1
001248b0 000000bc r a2
0012496c 0000005b r a3
001249c8 00000070 r a6
00124a38 000000a2 r a7
00124adc 00000040 r a8
00124b1c 0000172a r b02cf
00126248 00001a7c r d02f4
00127cc4 0000000c R _C_numeric_locale
00127cd0 000031e6 r categories
0012aeb8 00000070 R dotab_stdnull
0012af28 r 
0012af28 R __exidx_end
0012af28 R __exidx_start
0012b000 00000004 D currentConsole
0012b004 0000004c D defaultConsole
0012b050 00000001 d firstConsoleInit.0
0012b054 00000004 d kCount
0012b058 00000004 d kDelay
0012b05c 00000004 d kInterval
0012b060 W __stacksize__
0012b064 00000004 D _impure_ptr
0012b068 00000460 d impure_data
0012b4c8 00000408 D __malloc_av_
0012b8d0 00000004 D __malloc_sbrk_base
0012b8d4 00000004 D __malloc_trim_threshold
0012b8d8 0000000c d __malloc_recursive_mutex
0012b8e4 0000000c D __atexit_recursive_mutex
0012b8f0 0000000c d __sfp_recursive_mutex
0012b8fc 0000000c d __sinit_recursive_mutex
0012b908 0000016c D __global_locale
0012ba74 00000002 d numempty
0012ba78 00000004 d defaultDevice
0012ba7c 0000008c D devoptab_list
0012bb08 00000400 d _current_working_directory
0012bf08 00000004 d __hndl_lock
0012bf0c 0000000c d __stderr_handle
0012bf18 0000000c d __stdin_handle
0012bf24 0000000c d __stdout_handle
0012bf30 00001000 d handles
0012cf38 d _GLOBAL_OFFSET_TABLE_
0012cf44 d __frame_dummy_init_array_entry
0012cf44 D __init_array_start
0012cf44 B __preinit_array_end
0012cf44 B __preinit_array_start
0012cf44 D __tdata_lma
0012cf44 D __tdata_lma_end
0012cf48 d __do_global_dtors_aux_fini_array_entry
0012cf48 D __fini_array_start
0012cf48 D __init_array_end
0012cf4c D __bss_start__
0012cf4c D __fini_array_end
0012cf4c b completed.1
0012cf50 b object.0
0012cf68 0000004c B currentCopy
0012cfb4 00000004 b gfxBottomFramebufferMaxSize
0012cfb8 00000008 b gfxBottomFramebuffers
0012cfc0 00000002 b gfxCurBuf
0012cfc4 00000002 b gfxFramebufferFormats
0012cfc8 00000002 b gfxIsDoubleBuf
0012cfca 00000001 b gfxIsVram
0012cfcc 00000004 b gfxTopFramebufferMaxSize
0012cfd0 00000008 b gfxTopFramebuffers
0012cfd8 00000001 b gfxTopMode
0012cfdc 00000004 b screenAlloc
0012cfe0 00000004 b screenFree
0012cfe4 00000004 b gspEvent
0012cfe8 0000001c b gspEventCb
0012d004 0000001c b gspEventCbData
0012d020 00000007 b gspEventCbOneShot
0012d028 00000004 b gspEventThread
0012d02c 00000038 b gspEvents
0012d064 00000004 b gspGpuHandle
0012d068 00000001 b gspGpuRight
0012d06c 00000004 b gspLastEvent
0012d070 00000004 b gspRefCount
0012d074 00000001 b gspRunEvents
0012d078 00000004 b gspSharedMem
0012d07c 00000004 b gspSharedMemHandle
0012d080 00000001 b gspThreadId
0012d084 00000004 b amHandle
0012d088 00000004 b amRefCount
0012d08c 00000001 b aptChainloadFlags
0012d08d 00000001 b aptChainloadMediatype
0012d090 00000008 b aptChainloadTid
0012d098 00000004 b aptEventHandlerThread
0012d09c 00000001 b aptEventHandlerThreadQuit
0012d0a0 00000008 b aptEvents
0012d0a8 0000000c b aptFirstHook
0012d0b4 00000004 b aptFlags
0012d0b8 00000001 b aptHomeButtonState
0012d0bc 00000004 b aptLockHandle
0012d0c0 00000004 b aptMessageFunc
0012d0c4 00000004 b aptMessageFuncData
0012d0c8 00001000 b aptParameters
0012e0c8 00000008 b aptReceiveEvent
0012e0d0 00000004 b aptRefCount
0012e0d4 00000008 b aptSleepEvent
0012e0dc 00000001 b flagInit.1
0012e0dd 00000001 b flagValue.0
0012e0e0 00000004 b serviceName.6
0012e0e4 00000006 b aVec
0012e0ec 00000004 b cPos
0012e0f0 00000006 b gRate
0012e0f8 00000014 B hidEvents
0012e10c 00000004 B hidHandle
0012e110 00000004 B hidMemHandle
0012e114 00000004 b hidRefCount
0012e118 00000004 B hidSharedMem
0012e11c 00000004 b kDown
0012e120 00000004 b kHeld
0012e124 00000004 b kOld
0012e128 00000004 b kRepeat
0012e12c 00000004 b kUp
0012e130 00000004 b tPos
0012e134 00000001 b usingIrrst
0012e138 00000080 b fsExemptArchives
0012e1b8 00000004 b fsuHandle
0012e1bc 00000004 b fsuRefCount
0012e1c0 00000004 B __system_retAddr
0012e1c4 00000004 B __system_argc
0012e1c8 00000004 B __system_argv
0012e1cc b saved_stack
0012e1d4 0000000c b sAddrMap
0012e1e0 00000008 b sVramPool
0012e1e8 00000008 b sLinearPool
0012e1f0 0000000c b sAddrMap
0012e1fc 00000004 b arbiter
0012e200 00000001 V __ctru_speedup
0012e204 00000004 b srvHandle
0012e208 00000004 b srvRefCount
0012e20c 00000004 b currentAddr
0012e210 00000004 b maxAddr
0012e214 00000004 b minAddr
0012e218 00000004 b csPos
0012e21c 00000004 B irrstEvent
0012e220 00000004 B irrstHandle
0012e224 00000004 B irrstMemHandle
0012e228 00000004 b irrstRefCount
0012e22c 00000004 B irrstSharedMem
0012e230 00000004 b kHeld
0012e234 00000004 b srvPmHandle
0012e238 00000004 b ptmSysmHandle
0012e23c 00000004 b ptmSysmRefCount
0012e240 00000004 B __ctru_heap
0012e244 00000004 V __ctru_heap_size
0012e248 00000004 B __ctru_linear_heap
0012e24c 00000004 V __ctru_linear_heap_size
0012e250 00000004 b archive_device_cwd
0012e258 00000540 b archive_devices
0012e798 00000001 b archive_initialized
0012e79c 00000028 B __malloc_current_mallinfo
0012e7c4 00000004 B __malloc_max_sbrked_mem
0012e7c8 00000004 B __malloc_max_total_mem
0012e7cc 00000004 B __malloc_top_pad
0012e7d0 00000004 b heap_start.0
0012e7d4 00000004 B fake_heap_end
0012e7d8 00000004 B fake_heap_start
0012e7dc 00000400 b temp_cwd
0012ebdc 00000048 B __syscalls
0012ec24 B __tls_start
0012f82c B __bss_end__
0012f82c A __end__
0012f82c B __tls_end
